[debug] [2023-03-05T15:32:27.718Z] ----------------------------------------------------------------------
[debug] [2023-03-05T15:32:27.725Z] Command:       /data/data/com.termux/files/usr/bin/node /data/data/com.termux/files/usr/bin/firebase deploy
[debug] [2023-03-05T15:32:27.728Z] CLI Version:   11.24.0
[debug] [2023-03-05T15:32:27.729Z] Platform:      android
[debug] [2023-03-05T15:32:27.730Z] Node Version:  v18.12.1
[debug] [2023-03-05T15:32:27.777Z] Time:          Sun Mar 05 2023 21:32:27 GMT+0600 (Bangladesh Standard Time)
[debug] [2023-03-05T15:32:27.780Z] ----------------------------------------------------------------------
[debug] 
[debug] [2023-03-05T15:32:27.797Z] >>> [apiv2][query] GET https://firebase-public.firebaseio.com/cli.json [none]
[debug] [2023-03-05T15:32:28.243Z] > command requires scopes: ["email","openid","https://www.googleapis.com/auth/cloudplatformprojects.readonly","https://www.googleapis.com/auth/firebase","https://www.googleapis.com/auth/cloud-platform"]
[debug] [2023-03-05T15:32:28.245Z] > authorizing via signed-in user (fsnirjhor2002@gmail.com)
[debug] [2023-03-05T15:32:28.246Z] [iam] checking project fsn-store for permissions ["firebase.projects.get","firebasehosting.sites.update"]
[debug] [2023-03-05T15:32:28.250Z] > refreshing access token with scopes: []
[debug] [2023-03-05T15:32:28.254Z] >>> [apiv2][query] POST https://www.googleapis.com/oauth2/v3/token [none]
[debug] [2023-03-05T15:32:28.254Z] >>> [apiv2][body] POST https://www.googleapis.com/oauth2/v3/token [omitted]
[debug] [2023-03-05T15:32:29.193Z] <<< [apiv2][status] GET https://firebase-public.firebaseio.com/cli.json 200
[debug] [2023-03-05T15:32:29.194Z] <<< [apiv2][body] GET https://firebase-public.firebaseio.com/cli.json {"cloudBuildErrorAfter":1594252800000,"cloudBuildWarnAfter":1590019200000,"defaultNode10After":1594252800000,"minVersion":"3.0.5","node8DeploysDisabledAfter":1613390400000,"node8RuntimeDisabledAfter":1615809600000,"node8WarnAfter":1600128000000}
[debug] [2023-03-05T15:32:29.220Z] <<< [apiv2][status] POST https://www.googleapis.com/oauth2/v3/token 200
[debug] [2023-03-05T15:32:29.221Z] <<< [apiv2][body] POST https://www.googleapis.com/oauth2/v3/token [omitted]
[debug] [2023-03-05T15:32:29.252Z] >>> [apiv2][query] POST https://cloudresourcemanager.googleapis.com/v1/projects/fsn-store:testIamPermissions [none]
[debug] [2023-03-05T15:32:29.252Z] >>> [apiv2][(partial)header] POST https://cloudresourcemanager.googleapis.com/v1/projects/fsn-store:testIamPermissions x-goog-quota-user=projects/fsn-store
[debug] [2023-03-05T15:32:29.252Z] >>> [apiv2][body] POST https://cloudresourcemanager.googleapis.com/v1/projects/fsn-store:testIamPermissions {"permissions":["firebase.projects.get","firebasehosting.sites.update"]}
[debug] [2023-03-05T15:32:31.410Z] <<< [apiv2][status] POST https://cloudresourcemanager.googleapis.com/v1/projects/fsn-store:testIamPermissions 200
[debug] [2023-03-05T15:32:31.413Z] <<< [apiv2][body] POST https://cloudresourcemanager.googleapis.com/v1/projects/fsn-store:testIamPermissions {"permissions":["firebase.projects.get","firebasehosting.sites.update"]}
[debug] [2023-03-05T15:32:31.427Z] >>> [apiv2][query] GET https://firebase.googleapis.com/v1beta1/projects/fsn-store [none]
[debug] [2023-03-05T15:32:33.572Z] <<< [apiv2][status] GET https://firebase.googleapis.com/v1beta1/projects/fsn-store 200
[debug] [2023-03-05T15:32:33.574Z] <<< [apiv2][body] GET https://firebase.googleapis.com/v1beta1/projects/fsn-store {"projectId":"fsn-store","projectNumber":"100503385768","displayName":"FSN-Store","name":"projects/fsn-store","resources":{"hostingSite":"fsn-store"},"state":"ACTIVE","etag":"1_5566b160-0f03-4e61-b47d-c60af730480b"}
[info] 
[info] === Deploying to 'fsn-store'...
[info] 
[info] i  deploying hosting 
[debug] [2023-03-05T15:32:33.629Z] >>> [apiv2][query] POST https://firebasehosting.googleapis.com/v1beta1/projects/-/sites/fsn-store/versions [none]
[debug] [2023-03-05T15:32:33.630Z] >>> [apiv2][body] POST https://firebasehosting.googleapis.com/v1beta1/projects/-/sites/fsn-store/versions {"status":"CREATED","labels":{"deployment-tool":"cli-firebase"}}
[debug] [2023-03-05T15:32:35.709Z] <<< [apiv2][status] POST https://firebasehosting.googleapis.com/v1beta1/projects/-/sites/fsn-store/versions 200
[debug] [2023-03-05T15:32:35.713Z] <<< [apiv2][body] POST https://firebasehosting.googleapis.com/v1beta1/projects/-/sites/fsn-store/versions {"name":"projects/100503385768/sites/fsn-store/versions/94107986f0187142","status":"CREATED","config":{},"labels":{"deployment-tool":"cli-firebase"}}
